<?xml version="1.0" encoding="UTF-8"?>
<testsuite xmlns:xsi="http://www.w3.org/2001/XMLSchema-instance" xsi:noNamespaceSchemaLocation="https://maven.apache.org/surefire/maven-surefire-plugin/xsd/surefire-test-report-3.0.xsd" version="3.0" name="br.edu.infnet.cochitoservicosapi.CochitoservicosapiApplicationTests" time="6.518" tests="1" errors="0" skipped="0" failures="0">
  <properties>
[...]
</properties>
  <testcase name="contextLoads" classname="br.edu.infnet.cochitoservicosapi.CochitoservicosapiApplicationTests" time="0.041">
    <system-out><![CDATA[13:07:04.339 [main] INFO org.springframework.test.context.support.AnnotationConfigContextLoaderUtils -- Could not detect default configuration classes for test class [br.edu.infnet.cochitoservicosapi.CochitoservicosapiApplicationTests]: CochitoservicosapiApplicationTests does not declare any static, non-private, non-final, nested classes annotated with @Configuration.
13:07:04.430 [main] INFO org.springframework.boot.test.context.SpringBootTestContextBootstrapper -- Found @SpringBootConfiguration br.edu.infnet.cochitoservicosapi.CochitoservicosapiApplication for test class br.edu.infnet.cochitoservicosapi.CochitoservicosapiApplicationTests

  .   ____          _            __ _ _
 /\\ / ___'_ __ _ _(_)_ __  __ _ \ \ \ \
( ( )\___ | '_ | '_| | '_ \/ _` | \ \ \ \
 \\/  ___)| |_)| | | | | || (_| |  ) ) ) )
  '  |____| .__|_| |_|_| |_\__, | / / / /
 =========|_|==============|___/=/_/_/_/

 :: Spring Boot ::                (v3.3.4)

2025-09-14T13:07:04.911-03:00  INFO 24788 --- [cochitoservicosapi] [           main] e.i.c.CochitoservicosapiApplicationTests : Starting CochitoservicosapiApplicationTests using Java 22.0.2 with PID 24788 (started by adrie in C:\Users\adrie\OneDrive\Documents\GitHub\INFNET\2 - Arquitetura\cochitoservicosapi)
2025-09-14T13:07:04.913-03:00  INFO 24788 --- [cochitoservicosapi] [           main] e.i.c.CochitoservicosapiApplicationTests : No active profile set, falling back to 1 default profile: "default"
2025-09-14T13:07:05.654-03:00  INFO 24788 --- [cochitoservicosapi] [           main] .s.d.r.c.RepositoryConfigurationDelegate : Bootstrapping Spring Data JPA repositories in DEFAULT mode.
2025-09-14T13:07:05.674-03:00  INFO 24788 --- [cochitoservicosapi] [           main] .s.d.r.c.RepositoryConfigurationDelegate : Finished Spring Data repository scanning in 12 ms. Found 0 JPA repository interfaces.
2025-09-14T13:07:05.831-03:00  INFO 24788 --- [cochitoservicosapi] [           main] o.s.cloud.context.scope.GenericScope     : BeanFactory id=7502499d-33eb-3fae-b969-ed2c5bb3a8b6
2025-09-14T13:07:07.474-03:00  INFO 24788 --- [cochitoservicosapi] [           main] o.hibernate.jpa.internal.util.LogHelper  : HHH000204: Processing PersistenceUnitInfo [name: default]
2025-09-14T13:07:07.614-03:00  INFO 24788 --- [cochitoservicosapi] [           main] org.hibernate.Version                    : HHH000412: Hibernate ORM core version 6.5.3.Final
2025-09-14T13:07:07.696-03:00  INFO 24788 --- [cochitoservicosapi] [           main] o.h.c.internal.RegionFactoryInitiator    : HHH000026: Second-level cache disabled
2025-09-14T13:07:07.888-03:00  INFO 24788 --- [cochitoservicosapi] [           main] o.s.o.j.p.SpringPersistenceUnitInfo      : No LoadTimeWeaver setup: ignoring JPA class transformer
2025-09-14T13:07:07.918-03:00  INFO 24788 --- [cochitoservicosapi] [           main] com.zaxxer.hikari.HikariDataSource       : HikariPool-1 - Starting...
2025-09-14T13:07:08.178-03:00  INFO 24788 --- [cochitoservicosapi] [           main] com.zaxxer.hikari.pool.HikariPool        : HikariPool-1 - Added connection conn0: url=jdbc:h2:~/dbCochitoServico user=SA
2025-09-14T13:07:08.182-03:00  INFO 24788 --- [cochitoservicosapi] [           main] com.zaxxer.hikari.HikariDataSource       : HikariPool-1 - Start completed.
2025-09-14T13:07:09.168-03:00  INFO 24788 --- [cochitoservicosapi] [           main] o.h.e.t.j.p.i.JtaPlatformInitiator       : HHH000489: No JTA platform available (set 'hibernate.transaction.jta.platform' to enable JTA platform integration)
Hibernate: drop table if exists funcionario cascade 
Hibernate: drop table if exists item_servico cascade 
Hibernate: drop table if exists ordem_servico cascade 
Hibernate: drop table if exists servico cascade 
Hibernate: create table funcionario (ativo boolean not null, id integer generated by default as identity, nome varchar(50) not null, email varchar(255) not null, telefone varchar(255) not null, primary key (id))
Hibernate: create table item_servico (id integer generated by default as identity, ordem_servico_id integer, quantidade integer, servico_id integer, primary key (id))
Hibernate: create table ordem_servico (funcionario_id integer not null, id integer generated by default as identity, data_criacao timestamp(6) not null, data_execucao timestamp(6), status varchar(255) not null, primary key (id))
Hibernate: create table servico (id integer generated by default as identity, preco numeric(38,2) not null check (preco>=0), titulo varchar(100) not null, descricao varchar(500) not null, primary key (id))
Hibernate: alter table if exists item_servico add constraint FKid2r84xw3ic9vx1kin41q475m foreign key (servico_id) references servico
Hibernate: alter table if exists item_servico add constraint FK7sm1g8ovctjaiyij2ifi5abif foreign key (ordem_servico_id) references ordem_servico
Hibernate: alter table if exists ordem_servico add constraint FKenrcljn9mjeqnih58jj7iogfc foreign key (funcionario_id) references funcionario
2025-09-14T13:07:09.212-03:00  INFO 24788 --- [cochitoservicosapi] [           main] j.LocalContainerEntityManagerFactoryBean : Initialized JPA EntityManagerFactory for persistence unit 'default'
2025-09-14T13:07:09.490-03:00  WARN 24788 --- [cochitoservicosapi] [           main] JpaBaseConfiguration$JpaWebConfiguration : spring.jpa.open-in-view is enabled by default. Therefore, database queries may be performed during view rendering. Explicitly configure spring.jpa.open-in-view to disable this warning
2025-09-14T13:07:10.431-03:00  INFO 24788 --- [cochitoservicosapi] [           main] o.s.b.a.h2.H2ConsoleAutoConfiguration    : H2 console available at '/h2-console'. Database available at 'jdbc:h2:~/dbCochitoServico'
2025-09-14T13:07:10.604-03:00  INFO 24788 --- [cochitoservicosapi] [           main] e.i.c.CochitoservicosapiApplicationTests : Started CochitoservicosapiApplicationTests in 6.051 seconds (process running for 6.977)
]]></system-out>
    <system-err><![CDATA[WARNING: A Java agent has been loaded dynamically (C:\Users\adrie\.m2\repository\net\bytebuddy\byte-buddy-agent\1.14.19\byte-buddy-agent-1.14.19.jar)
WARNING: If a serviceability tool is in use, please run with -XX:+EnableDynamicAgentLoading to hide this warning
WARNING: If a serviceability tool is not in use, please run with -Djdk.instrument.traceUsage for more information
WARNING: Dynamic loading of agents will be disallowed by default in a future release
]]></system-err>
  </testcase>
</testsuite>